waiting to take filesystem lock on C:\Users\romak\vcpkg\.vcpkg-root...
error: while checking out baseline from commit 'd69b61cf2bf36a89bc93e7b8f0b6b18357a5e6d8', failed to `git show` versions/baseline.json. This may be fixed by fetching commits with `git fetch`.
error: git failed with exit code: (128).
fatal: path 'versions/baseline.json' exists on disk, but not in 'd69b61cf2bf36a89bc93e7b8f0b6b18357a5e6d8'
while checking out baseline d69b61cf2bf36a89bc93e7b8f0b6b18357a5e6d8
while loading baseline version for sqlite-orm
error: while checking out baseline from commit 'd69b61cf2bf36a89bc93e7b8f0b6b18357a5e6d8', failed to `git show` versions/baseline.json. This may be fixed by fetching commits with `git fetch`.
error: git failed with exit code: (128).
fatal: path 'versions/baseline.json' exists on disk, but not in 'd69b61cf2bf36a89bc93e7b8f0b6b18357a5e6d8'
while checking out baseline d69b61cf2bf36a89bc93e7b8f0b6b18357a5e6d8
while loading baseline version for sqlite3
error: while checking out baseline from commit 'd69b61cf2bf36a89bc93e7b8f0b6b18357a5e6d8', failed to `git show` versions/baseline.json. This may be fixed by fetching commits with `git fetch`.
error: git failed with exit code: (128).
fatal: path 'versions/baseline.json' exists on disk, but not in 'd69b61cf2bf36a89bc93e7b8f0b6b18357a5e6d8'
while checking out baseline d69b61cf2bf36a89bc93e7b8f0b6b18357a5e6d8
while loading baseline version for vcpkg-cmake
error: while checking out baseline from commit 'd69b61cf2bf36a89bc93e7b8f0b6b18357a5e6d8', failed to `git show` versions/baseline.json. This may be fixed by fetching commits with `git fetch`.
error: git failed with exit code: (128).
fatal: path 'versions/baseline.json' exists on disk, but not in 'd69b61cf2bf36a89bc93e7b8f0b6b18357a5e6d8'
while checking out baseline d69b61cf2bf36a89bc93e7b8f0b6b18357a5e6d8
while loading baseline version for vcpkg-cmake-config
